make.exe all --print-data-base --no-builtin-variables --no-builtin-rules --question
# GNU Make 3.81
# Copyright (C) 2006  Free Software Foundation, Inc.
# This is free software; see the source for copying conditions.
# There is NO warranty; not even for MERCHANTABILITY or FITNESS FOR A
# PARTICULAR PURPOSE.

# This program built for i386-pc-mingw32
 

# Make data base, printed on Mon May 09 16:40:15 2022

# Variables

# automatic
<D = $(patsubst %/,%,$(dir $<))
# automatic
?F = $(notdir $?)
# environment
GTK_BASEPATH = C:\Program Files (x86)\GtkSharp\2.12\
# makefile
MAKEFLAGS = Rrqp
# environment
VSCODE_LOG_NATIVE = false
# makefile (from `makefile', line 19)
result_file := main.exe
# environment
DRIVERDATA = C:\Windows\System32\Drivers\DriverData
# automatic
?D = $(patsubst %/,%,$(dir $?))
# automatic
@D = $(patsubst %/,%,$(dir $@))
# environment
HOME 
DRIVE = C:
# automatic
@F = $(notdir $@)
# automatic
^D = $(patsubst %/,%,$(dir $^))
# makefile
CURDIR := d:/Boby/programming/Standalone/yoghurtgl
# default
SHELL := sh.exe
# environment
WINDIR = C:\WINDOWS
# environment
VSCODE_NLS_CONFIG = {"locale":"en-us","availableLanguages":{},"_languagePackSupport":true}
# makefile (from `makefile', line 20)
includes := -I"./include" -I"D:/cpp_libraries/glfw-3.3.5-source/include" -I"D:/cpp_libraries/glew-2.1.0-source/include" -I"D:/cpp_libraries/glm"
# environment
ONE 
DRIVE = C:\Users\Boby\OneDrive
# makefile (from `makefile', line 6)
DEP_FILES := ./include/camera.h ./include/mesh.h ./include/shader.h ./include/window.h ./include/yoghurtgl.h
# environment
PATHEXT = .COM;.EXE;.BAT;.CMD;.VBS;.VBE;.JS;.JSE;.WSF;.WSH;.MSC;.PY;.PYW
# makefile (from `makefile', line 1)
MAKEFILE_LIST :=  makefile
# environment
FPS_BROWSER_USER_PROFILE_STRING = Default
# environment
TMP = C:\Users\Boby\AppData\Local\Temp
# makefile (from `makefile', line 4)
OBJ_DIR := ./obj
# environment
VSCODE_ 
VERBOSE_LOGGING = true
# environment
PROGRAMW6432 = C:\Program Files
# environment
PROGRAMDATA = C:\ProgramData
# environment
VSCODE_IPC_HOOK_EXTHOST = \\.\pipe\vscode-ipc-1e52e711-42bd-4d04-88ac-5523903d2856-sock
# environment
VSCODE_CWD = C:\Users\Boby\AppData\Local\Programs\Microsoft VS Code
# environment
PATH = C:\Program Files\Alacritty\;C:\Program Files\Python37\Scripts\;C:\Program Files\Python37\;C:\Program Files (x86)\Common Files\Oracle\Java\javapath;C:\ProgramData\Oracle\Java\javapath;C:\WINDOWS\system32;C:\WINDOWS;C:\WINDOWS\System32\Wbem;C:\WINDOWS\System32\WindowsPowerShell\v1.0\;C:\Program Files (x86)\mingw-w64\i686-8.1.0-posix-dwarf-rt_v6-rev0\mingw32\bin;C:\Program Files (x86)\NVIDIA Corporation\PhysX\Common;C:\Program Files (x86)\GtkSharp\2.12\bin;C:\Program Files (x86)\IVI Foundation\VISA\WinNT\Bin;C:\Windows\system32;C:\Windows;C:\Windows\System32\Wbem;C:\Windows\System32\WindowsPowerShell\v1.0\;C:\Windows\System32\OpenSSH\;C:\Program Files\NVIDIA Corporation\NVIDIA NvDLISR;C:\WINDOWS\System32\OpenSSH\;C:\Program Files (x86)\Python37-32\;C:\Program Files\Git\cmd;D:\Devel\jdk1.8\bin;D:\Devel\node.js\;D:\Boby\programming\_custom_commands\crypto_images;C:\Program Files\NVIDIA Corporation\Nsight Compute 2019.4.0\;D:\SFML-2.5.1\bin;C:\CMake\bin;D:\DevTools\apache-ant-1.10.8\bin;C:\WINDOWS\system32;C:\WINDOWS;C:\WINDOWS\System32\Wbem;C:\WINDOWS\System32\WindowsPowerShell\v1.0\;C:\WINDOWS\System32\OpenSSH\;C:\Program Files\Calibre2\;D:\Install\Denoiser_v2.4;C:\Program Files (x86)\GnuWin32\bin;D:\cpp 
_libraries\glew-2.1.0-compiled\bin;D:\cpp_libraries\glfw-3.3.5-compiled\src;C:\Program Files\LLVM\bin;C:\Users\Boby\AppData\Local\Microsoft\WindowsApps;C:\Users\Boby\AppData\Local\GitHubDesktop\bin;D:\Devel\apache-maven-3.6.0\bin;;C:\Users\Boby\AppData\Local\Microsoft\WindowsApps;C:\Users\Boby\AppData\Roaming\npm;C:\Users\Boby\Documents\WindowsPowerShell\Scripts;C:\Users\Boby\AppData\Local\Programs\Microsoft VS Code\bin
# environment
COMMONPROGRAMW6432 = C:\Program Files\Common Files
# makefile (from `makef 
ile', line 22)
libs :=  -L"D:/cpp_libraries/glfw-3.3.5-compiled/src" -L"D:/cpp_libraries/glew-2.1.0-compiled/lib" -lglfw3 -lglew32 -lopengl32
# environment
PROCESSOR_ARCHITECTURE = x86
# environment
USERPROFILE = C:\Users\Boby
# environment
ALLUSERSPROFILE = C:\ProgramData
# environment
VSCODE_LOG_STACK = false
# environment
NUMBER_OF_PROCESSORS = 8
# environment
ELECTRON_RUN_AS_NODE = 1
# default
.FEATURES := target-specific order-only second-expansion else-if archives
# environment
NVTOOLSEXT_PATH = C:\Pr 
ogram Files\NVIDIA Corporation\NvToolsExt\
# automatic
%F = $(notdir $%)
# environment
CHROME_CRASHPAD_PIPE_NAME = \\.\pipe\crashpad_8592_ETKNEBJDQNSTYNUT
# environment
MDL_SYSTEM_PATH = C:\ProgramData\NVIDIA Corporation\mdl\
# environment
VSCODE_PIPE_LOGGING = true
# environment
COMPUTERNAME = BOBY
# environment
GOOGLE_API_KEY = no
# environment
PROGRAMFILES = C:\Program Files (x86)
# environment
DOTNET_ROOT = C:\Program Files (x86)\dotnet
# environment
ANT_HOME = D:\DevTools\apache-ant-1.10.8
# environmen 
t
ORIGINAL_XDG_CURRENT_DESKTOP = undefined
# environment
USERNAME = Boby
# environment
PUBLIC = C:\Users\Public
# environment
VSCODE_AMD_ENTRYPOINT = vs/workbench/api/node/extensionHostProcess
# environment
BESIEGE_UNITY_ASSEMBLIES = D:/Games/Besiege.v1.05.12389/Besiege/Besiege_Data\Managed/
# environment
GOOGLE_DEFAULT_CLIENT_ID = no
# environment
VSCODE_CODE_CACHE_PATH = C:\Users\Boby\AppData\Roaming\Code\CachedData\b5205cc8eb4fbaa726835538cd82372cc0222d43
# environment
APPLICATION_INSIGHTS_NO_DIAGNOSTIC_ 
CHANNEL = 1
# environment
COMMONPROGRAMFILES = C:\Program Files (x86)\Common Files
# environment
LOGONSERVER = \\BOBY
# environment
ONEDRIVECONSUMER = C:\Users\Boby\OneDrive
# environment
VSCODE_HANDLES_UNCAUGHT_ERRORS = true
# environment
USERDOMAIN = BOBY
# default
MAKE = $(MAKE_COMMAND)
# default
MAKECMDGOALS := all
# makefile (from `makefile', line 18)
CC := g++ 
# environment
JAVA_HOME = D:\Devel\jdk1.8
# default
MAKE_VERSION := 3.81
# makefile
.DEFAULT_GOAL := all
# environment
GOOGLE_DEFAULT_CLIENT_S 
ECRET = no
# environment
PROGRAMFILES(X86) = C:\Program Files (x86)
# automatic
%D = $(patsubst %/,%,$(dir $%))
# makefile (from `makefile', line 23)
rmcmd := if exist main.exe del main.exe
# environment
LOCALAPPDATA = C:\Users\Boby\AppData\Local
# environment
PSMODULEPATH = C:\WINDOWS\system32\WindowsPowerShell\v1.0\Modules\;C:\Program Files\Intel\
# default
MAKE_COMMAND := make.exe
# environment
PROCESSOR_ARCHITEW6432 = AMD64
# default
.VARIABLES := 
# automatic
*F = $(notdir $*)
# environment
PROCESSOR_I 
DENTIFIER = Intel64 Family 6 Model 94 Stepping 3, GenuineIntel
# environment
OS = Windows_NT
# environment
VSCODE_IPC_HOOK = \\.\pipe\ee56263d08fb66ed7af4c421bd839712-1.65.0-main-sock
# makefile (from `makefile', line 13)
std := -std=c++2a
# environment
HOMEPATH = \Users\Boby
# environment
COMMONPROGRAMFILES(X86) = C:\Program Files (x86)\Common Files
# environment
PROMPT = $P$G
# environment
MFLAGS = -Rrqp
# automatic
*D = $(patsubst %/,%,$(dir $*))
# environment
SYSTEMROOT = C:\WINDOWS
# automatic
+D = $(p 
atsubst %/,%,$(dir $+))
# automatic
+F = $(notdir $+)
# environment
APPDATA = C:\Users\Boby\AppData\Roaming
# environment
VXIPNPPATH = C:\Program Files (x86)\IVI Foundation\VISA\
# environment
TEMP = C:\Users\Boby\AppData\Local\Temp
# environment
BESIEGE_GAME_ASSEMBLIES = D:/Games/Besiege.v1.05.12389/Besiege/Besiege_Data\Managed/
# environment
COMSPEC = C:\WINDOWS\system32\cmd.exe
# default
MAKEFILES := 
# makefile (from `makefile', line 3)
SRC_DIR := ./src
# automatic
<F = $(notdir $<)
# environment
LC_ALL 
 = C
# automatic
^F = $(notdir $^)
# makefile (from `makefile', line 5)
SRC_FILES := ./src/camera.cpp ./src/mesh.cpp ./src/shader.cpp ./src/window.cpp ./src/yoghurtgl.cpp
# default
SUFFIXES := 
# environment
SYSTEMDRIVE = C:
# environment
SESSIONNAME = Console
# environment
PROCESSOR_REVISION = 5e03
# environment
VS140COMNTOOLS = C:\Program Files (x86)\Microsoft Visual Studio 14.0\Common7\Tools\
# environment
ADSK_CLM_WPAD_PROXY_CHECK = FALSE
# environment
MAKELEVEL := 0
# environment
LANG = C
# environment 

PROCESSOR_LEVEL = 6
# environment
FPS_BROWSER_APP_PROFILE_STRING = Internet Explorer
# environment
VSCODE_PID = 8592
# environment
USERDOMAIN_ROAMINGPROFILE = BOBY
# variable set hash-table stats:
# Load=113/1024=11%, Rehash=0, Collisions=23/161=14%

# Pattern-specific Variable Values

# No pattern-specific variable values.

# Directories

# : could not be stat'd.
# D:\Boby\programming\_custom_commands\crypto_images (key D:/Boby/programming/_custom_commands/crypto_images, mtime 1586196305): 4 files, no imp 
ossibilities.
# C:\Program Files\LLVM\bin (key C:/Program Files/LLVM/bin, mtime 1646582907): 118 files, no impossibilities.
# C:\Program Files (x86)\Python37-32\: could not be stat'd.
# C:\Users\Boby\Documents\WindowsPowerShell\Scripts (key C:/Users/Boby/Documents/WindowsPowerShell/Scripts, mtime 1604616691): 4 files, no impossibilities.
# ./include (key d:/Boby/programming/Standalone/yoghurtgl/include, mtime 1646588837): 8 files, no impossibilities.
# C:\WINDOWS\System32\WindowsPowerShell\v1.0\ (key C:/WIN 
DOWS/System32/WindowsPowerShell/v1.0/, mtime 1602932693): 30 files, no impossibilities.
# /bin: could not be stat'd.
# C:\WINDOWS\System32\Wbem (key C:/WINDOWS/System32/Wbem, mtime 1650144636): 171 files, no impossibilities.
# . (key d:/Boby/programming/Standalone/yoghurtgl, mtime 1652103126): 12 files, no impossibilities.
# C:\Program Files\Calibre2\ (key C:/Program Files/Calibre2/, mtime 1605897609): 24 files, no impossibilities.
# C:\Users\Boby\AppData\Local\Programs\Microsoft VS Code\bin (key C:/Users/B 
oby/AppData/Local/Programs/Microsoft VS Code/bin, mtime 1646486245): 4 files, no impossibilities.
# C:\Program Files (x86)\NVIDIA Corporation\PhysX\Common (key C:/Program Files (x86)/NVIDIA Corporation/PhysX/Common, mtime 1480379822): 10 files, no impossibilities.
# D:\DevTools\apache-ant-1.10.8\bin (key D:/DevTools/apache-ant-1.10.8/bin, mtime 1589117598): 15 files, no impossibilities.
# D:\Devel\apache-maven-3.6.0\bin (key D:/Devel/apache-maven-3.6.0/bin, mtime 1540403026): 8 files, no impossibilities.
#  
C:\Users\Boby\AppData\Roaming\npm (key C:/Users/Boby/AppData/Roaming/npm, mtime 1584136845): 2 files, no impossibilities.
# D:\SFML-2.5.1\bin (key D:/SFML-2.5.1/bin, mtime 1539639203): 13 files, no impossibilities.
# D:\cpp_libraries\glew-2.1.0-compiled\bin (key D:/cpp_libraries/glew-2.1.0-compiled/bin, mtime 1636621767): 5 files, no impossibilities.
# C:\Program Files\NVIDIA Corporation\Nsight Compute 2019.4.0\ (key C:/Program Files/NVIDIA Corporation/Nsight Compute 2019.4.0/, mtime 1591464311): 10 files,  
no impossibilities.
# D:\Devel\node.js\ (key D:/Devel/node.js/, mtime 1584136850): 11 files, no impossibilities.
# C:\Program Files\Python37\ (key C:/Program Files/Python37/, mtime 1591477697): 19 files, no impossibilities.
# D:\cpp_libraries\glfw-3.3.5-compiled\src (key D:/cpp_libraries/glfw-3.3.5-compiled/src, mtime 1636571065): 11 files, no impossibilities.
# ./src (key d:/Boby/programming/Standalone/yoghurtgl/src, mtime 1644620092): 7 files, no impossibilities.
# C:\Program Files\Python37\Scripts\ (key  
C:/Program Files/Python37/Scripts/, mtime 1591479206): 52 files, no impossibilities.
# C:\Windows\System32\OpenSSH\: could not be stat'd.
# C:\Program Files (x86)\Common Files\Oracle\Java\javapath (key C:/Program Files (x86)/Common Files/Oracle/Java/javapath, mtime 1650384902): 5 files, no impossibilities.
# C:\Program Files\Alacritty\ (key C:/Program Files/Alacritty/, mtime 1637239686): 3 files, no impossibilities.
# C:\Users\Boby\AppData\Local\GitHubDesktop\bin (key C:/Users/Boby/AppData/Local/GitHubDeskt 
op/bin, mtime 1573300276): 4 files, no impossibilities.
# C:\WINDOWS (key C:/WINDOWS, mtime 1505551495): 130 files, no impossibilities.
# C:\ProgramData\Oracle\Java\javapath (key C:/ProgramData/Oracle/Java/javapath, mtime 1541160734): 5 files, no impossibilities.
# D:\Devel\jdk1.8\bin (key D:/Devel/jdk1.8/bin, mtime 1506517349): 56 files, no impossibilities.
# C:\Program Files (x86)\mingw-w64\i686-8.1.0-posix-dwarf-rt_v6-rev0\mingw32\bin (key C:/Program Files (x86)/mingw-w64/i686-8.1.0-posix-dwarf-rt_v6-rev 
0/mingw32/bin, mtime 1638908347): 58 files, no impossibilities.
# C:\Program Files (x86)\GtkSharp\2.12\bin (key C:/Program Files (x86)/GtkSharp/2.12/bin, mtime 1480410132): 58 files, no impossibilities.
# D:\Install\Denoiser_v2.4 (key D:/Install/Denoiser_v2.4, mtime 1569381522): 39 files, no impossibilities.
# C:\Users\Boby\AppData\Local\Microsoft\WindowsApps (key C:/Users/Boby/AppData/Local/Microsoft/WindowsApps, mtime 1651233912): 15 files, no impossibilities.
# C:\Program Files (x86)\IVI Foundation\VISA\ 
WinNT\Bin (key C:/Program Files (x86)/IVI Foundation/VISA/WinNT/Bin, mtime 1498740297): 5 files, no impossibilities.
# C:\Program Files\Git\cmd (key C:/Program Files/Git/cmd, mtime 1572088200): 8 files, no impossibilities.
# C:\WINDOWS\system32 (key C:/WINDOWS/system32, mtime 1652069433): 3134 files, no impossibilities.
# C:\CMake\bin (key C:/CMake/bin, mtime 1595777100): 7 files, no impossibilities.
# C:\Program Files\NVIDIA Corporation\NVIDIA NvDLISR (key C:/Program Files/NVIDIA Corporation/NVIDIA NvDLISR 
, mtime 1555590840): 5 files, no impossibilities.
# C:\Program Files (x86)\GnuWin32\bin (key C:/Program Files (x86)/GnuWin32/bin, mtime 1636539516): 5 files, no impossibilities.

# 4075 files, no impossibilities in 41 directories.

# Implicit Rules

# No implicit rules.

# Files

all: main.exe
#  Command-line target.
#  Implicit rule search has been done.
#  File does not exist.
#  File has been updated.
#  Needs to be updated (-q is set).
# variable set hash-table stats:
# Load=0/32=0%, Rehash=0, Collision 
s=0/8=0%

# Not a target:
src/yoghurtgl.cpp:
#  Implicit rule search has been done.
#  Last modified 2022-02-10 23:34:12
#  File has been updated.
#  Successfully updated.
# variable set hash-table stats:
# Load=0/32=0%, Rehash=0, Collisions=0/0=0%

# Not a target:
include/shader.h:
#  Implicit rule search has been done.
#  Last modified 2022-03-06 22:06:47
#  File has been updated.
#  Successfully updated.
# variable set hash-table stats:
# Load=0/32=0%, Rehash=0, Collisions=0/0=0%

.PHONY: clean
#  Implic 
it rule search has not been done.
#  Modification time never checked.
#  File has not been updated.

# Not a target:
.DEFAULT:
#  Implicit rule search has not been done.
#  Modification time never checked.
#  File has not been updated.

main.exe: main.cpp makefile src/camera.cpp src/mesh.cpp src/shader.cpp src/window.cpp src/yoghurtgl.cpp include/camera.h include/mesh.h include/shader.h include/window.h include/yoghurtgl.h
#  Implicit rule search has not been done.
#  Implicit/static pattern stem: `'
#  Las 
t modified 2022-05-09 16:32:06
#  File has been updated.
#  Needs to be updated (-q is set).
# automatic
# @ := main.exe
# automatic
# % := 
# automatic
# * := 
# automatic
# + := main.cpp makefile src/camera.cpp src/mesh.cpp src/shader.cpp src/window.cpp src/yoghurtgl.cpp include/camera.h include/mesh.h include/shader.h include/window.h include/yoghurtgl.h
# automatic
# | := 
# automatic
# < := main.cpp
# automatic
# ^ := main.cpp makefile src/camera.cpp src/mesh.cpp src/shader.cpp src/window.cpp src/yoghu 
rtgl.cpp include/camera.h include/mesh.h include/shader.h include/window.h include/yoghurtgl.h
# automatic
# ? := makefile
# variable set hash-table stats:
# Load=8/32=25%, Rehash=0, Collisions=1/16=6%
#  commands to execute (from `makefile', line 39):
	$(CC) main.cpp $(SRC_FILES) -g -o $(result_file) $(libs) $(includes) $(std) -Wall
	

# Not a target:
makefile:
#  Implicit rule search has been done.
#  Last modified 2022-05-09 16:37:42
#  File has been updated.
#  Successfully updated.
# variable set hash- 
table stats:
# Load=0/32=0%, Rehash=0, Collisions=0/0=0%

# Not a target:
src/shader.cpp:
#  Implicit rule search has been done.
#  Last modified 2022-03-06 22:07:48
#  File has been updated.
#  Successfully updated.
# variable set hash-table stats:
# Load=0/32=0%, Rehash=0, Collisions=0/0=0%

# Not a target:
include/camera.h:
#  Implicit rule search has been done.
#  Last modified 2022-03-06 22:16:20
#  File has been updated.
#  Successfully updated.
# variable set hash-table stats:
# Load=0/32=0%, Rehash= 
0, Collisions=0/0=0%

# Not a target:
main.cpp:
#  Implicit rule search has been done.
#  Last modified 2022-03-06 17:30:13
#  File has been updated.
#  Successfully updated.
# variable set hash-table stats:
# Load=0/32=0%, Rehash=0, Collisions=0/0=0%

# Not a target:
.SUFFIXES:
#  Implicit rule search has not been done.
#  Modification time never checked.
#  File has not been updated.

# Not a target:
src/camera.cpp:
#  Implicit rule search has been done.
#  Last modified 2022-03-06 22:15:46
#  File has be 
en updated.
#  Successfully updated.
# variable set hash-table stats:
# Load=0/32=0%, Rehash=0, Collisions=0/0=0%

clean:
#  Phony target (prerequisite of .PHONY).
#  Implicit rule search has not been done.
#  File does not exist.
#  File has not been updated.
#  commands to execute (from `makefile', line 43):
	-$(rmcmd)
	

# Not a target:
include/mesh.h:
#  Implicit rule search has been done.
#  Last modified 2022-02-12 00:51:12
#  File has been updated.
#  Successfully updated.
# variable set hash-table s 
tats:
# Load=0/32=0%, Rehash=0, Collisions=0/0=0%

# Not a target:
include/window.h:
#  Implicit rule search has been done.
#  Last modified 2022-02-12 00:40:54
#  File has been updated.
#  Successfully updated.
# variable set hash-table stats:
# Load=0/32=0%, Rehash=0, Collisions=0/0=0%

# Not a target:
include/yoghurtgl.h:
#  Implicit rule search has been done.
#  Last modified 2022-03-07 00:00:30
#  File has been updated.
#  Successfully updated.
# variable set hash-table stats:
# Load=0/32=0%, Rehash=0, 
 Collisions=0/0=0%

# Not a target:
src/mesh.cpp:
#  Implicit rule search has been done.
#  Last modified 2022-02-11 23:39:22
#  File has been updated.
#  Successfully updated.
# variable set hash-table stats:
# Load=0/32=0%, Rehash=0, Collisions=0/0=0%

# Not a target:
src/window.cpp:
#  Implicit rule search has been done.
#  Last modified 2022-02-12 00:47:21
#  File has been updated.
#  Successfully updated.
# variable set hash-table stats:
# Load=0/32=0%, Rehash=0, Collisions=0/0=0%

# files hash-table s 
tats:
# Load=18/1024=2%, Rehash=0, Collisions=0/45=0%
# VPATH Search Paths

# No `vpath' search paths.

# No general (`VPATH' variable) search path.

# # of strings in strcache: 1
# # of strcache buffers: 1
# strcache size: total = 4096 / max = 4096 / min = 4096 / avg = 4096
# strcache free: total = 4087 / max = 4087 / min = 4087 / avg = 4087

# Finished Make data base on Mon May 09 16:40:15 2022

 
